  sortir.cpp
C:\praki\Сортировки\sortir\sortir.cpp(86,21): warning C4244: инициализация: преобразование "__int64" в "int", возможна потеря данных
C:\praki\Сортировки\sortir\sortir.cpp(99,16): warning C4834: отмена возвращаемого значения функции с атрибутом "nodiscard"
C:\praki\Сортировки\sortir\sortir.cpp(120,23): warning C4018: <: несоответствие типов со знаком и без знака
C:\praki\Сортировки\sortir\sortir.cpp(142,17): warning C4244: инициализация: преобразование "_Ty" в "int", возможна потеря данных
          with
          [
              _Ty=double
          ]
C:\praki\Сортировки\sortir\sortir.cpp(181,25): warning C4244: =: преобразование "_Ty" в "_Ty", возможна потеря данных
          with
          [
              _Ty=double
          ]
          and
          [
              _Ty=int
          ]
C:\praki\Сортировки\sortir\sortir.cpp(317,22): warning C4129: R: неизвестная escape-последовательность
C:\praki\Сортировки\sortir\sortir.cpp(320,22): warning C4129: T: неизвестная escape-последовательность
  sortir.vcxproj -> C:\praki\Сортировки\sortir\Debug\sortir.exe
