  sortir.cpp
C:\praki\Сортировки\sortir\sortir.cpp(87,21): warning C4244: инициализация: преобразование "__int64" в "int", возможна потеря данных
C:\praki\Сортировки\sortir\sortir.cpp(100,16): warning C4834: отмена возвращаемого значения функции с атрибутом "nodiscard"
C:\praki\Сортировки\sortir\sortir.cpp(121,23): warning C4018: <: несоответствие типов со знаком и без знака
C:\praki\Сортировки\sortir\sortir.cpp(143,17): warning C4244: инициализация: преобразование "_Ty" в "int", возможна потеря данных
          with
          [
              _Ty=double
          ]
C:\praki\Сортировки\sortir\sortir.cpp(182,25): warning C4244: =: преобразование "_Ty" в "_Ty", возможна потеря данных
          with
          [
              _Ty=double
          ]
          and
          [
              _Ty=int
          ]
C:\praki\Сортировки\sortir\sortir.cpp(320,22): warning C4129: R: неизвестная escape-последовательность
C:\praki\Сортировки\sortir\sortir.cpp(323,22): warning C4129: T: неизвестная escape-последовательность
  Создание кода
  1 of 248 functions ( 0.4%) were compiled, the rest were copied from previous compilation.
    0 functions were new in current compilation
    0 functions had inline decision re-evaluated but remain unchanged
  Создание кода завершено
  sortir.vcxproj -> C:\praki\Сортировки\sortir\Release\sortir.exe
